# Logfile created on 2012-03-10 18:13:35 -0700 by logger.rb/31641
REQUESTING PAGE: GET /contacts/new with {} and HTTP headers {}
REQUESTING PAGE: POST /contacts with {"utf8"=>"✓", "contact"=>{"first_name"=>"", "last_name"=>"", "email"=>""}, "commit"=>"Create Contact"} and HTTP headers {"HTTP_REFERER"=>"/contacts/new"}
REQUESTING PAGE: GET /contacts/new with {} and HTTP headers {}
REQUESTING PAGE: POST /contacts with {"utf8"=>"✓", "contact"=>{"first_name"=>"", "last_name"=>"", "email"=>""}, "commit"=>"Create Contact"} and HTTP headers {"HTTP_REFERER"=>"/contacts/new"}
REQUESTING PAGE: GET /contacts/new with {} and HTTP headers {}
REQUESTING PAGE: POST /contacts with {"utf8"=>"✓", "contact"=>{"first_name"=>"", "last_name"=>"", "email"=>""}, "commit"=>"Create Contact"} and HTTP headers {"HTTP_REFERER"=>"/contacts/new"}
REQUESTING PAGE: GET /contacts/new with {} and HTTP headers {}
REQUESTING PAGE: POST /contacts with {"utf8"=>"✓", "contact"=>{"first_name"=>"", "last_name"=>"", "email"=>""}, "commit"=>"Create Contact"} and HTTP headers {"HTTP_REFERER"=>"/contacts/new"}
REQUESTING PAGE: GET /contacts/new with {} and HTTP headers {}
REQUESTING PAGE: GET /contacts/new with {} and HTTP headers {}
REQUESTING PAGE: GET /contacts/new with {} and HTTP headers {}
REQUESTING PAGE: GET /contacts/new with {} and HTTP headers {}
REQUESTING PAGE: GET /contacts/new with {} and HTTP headers {}
REQUESTING PAGE: GET /contacts/new with {} and HTTP headers {}
REQUESTING PAGE: GET /contacts/new with {} and HTTP headers {}
REQUESTING PAGE: POST /contacts with {"utf8"=>"✓", "contact"=>{"first_name"=>"", "last_name"=>"", "email"=>""}, "commit"=>"Create Contact"} and HTTP headers {"HTTP_REFERER"=>"/contacts/new"}
REQUESTING PAGE: GET /contacts/new with {} and HTTP headers {}
REQUESTING PAGE: POST /contacts with {"utf8"=>"✓", "contact"=>{"first_name"=>"", "last_name"=>"", "email"=>""}, "commit"=>"Create Contact"} and HTTP headers {"HTTP_REFERER"=>"/contacts/new"}
REQUESTING PAGE: GET /contacts/new with {} and HTTP headers {}
REQUESTING PAGE: POST /contacts with {"utf8"=>"✓", "contact"=>{"first_name"=>"", "last_name"=>"", "email"=>""}, "commit"=>"Create Contact"} and HTTP headers {"HTTP_REFERER"=>"/contacts/new"}
REQUESTING PAGE: GET /contacts/new with {} and HTTP headers {}
REQUESTING PAGE: POST /contacts with {"utf8"=>"✓", "contact"=>{"first_name"=>"", "last_name"=>"", "email"=>""}, "commit"=>"Create Contact"} and HTTP headers {"HTTP_REFERER"=>"/contacts/new"}
REQUESTING PAGE: GET /contacts/1/notes/new with {} and HTTP headers {}
REQUESTING PAGE: GET /contacts/1/notes/new with {} and HTTP headers {}
REQUESTING PAGE: POST /contacts/1/notes with {"utf8"=>"✓", "note"=>{"title"=>"title", "content"=>"note contents"}, "commit"=>"Create Note"} and HTTP headers {"HTTP_REFERER"=>"/contacts/1/notes/new"}
REQUESTING PAGE: GET http://www.example.com/contacts/1 with {} and HTTP headers {"HTTP_REFERER"=>"/contacts/1/notes"}
REQUESTING PAGE: GET /contacts/1/notes/new with {} and HTTP headers {}
REQUESTING PAGE: POST /contacts/1/notes with {"utf8"=>"✓", "note"=>{"title"=>"title", "content"=>"note contents"}, "commit"=>"Create Note"} and HTTP headers {"HTTP_REFERER"=>"/contacts/1/notes/new"}
REQUESTING PAGE: GET http://www.example.com/contacts/1 with {} and HTTP headers {"HTTP_REFERER"=>"/contacts/1/notes"}
REQUESTING PAGE: GET /contacts/1/notes/new with {} and HTTP headers {}
REQUESTING PAGE: POST /contacts/1/notes with {"utf8"=>"✓", "note"=>{"title"=>"title", "content"=>"note contents"}, "commit"=>"Create Note"} and HTTP headers {"HTTP_REFERER"=>"/contacts/1/notes/new"}
REQUESTING PAGE: GET http://www.example.com/contacts/1 with {} and HTTP headers {"HTTP_REFERER"=>"/contacts/1/notes"}
REQUESTING PAGE: GET /contacts/new with {} and HTTP headers {}
REQUESTING PAGE: POST /contacts with {"utf8"=>"✓", "contact"=>{"first_name"=>"", "last_name"=>"", "email"=>""}, "commit"=>"Create Contact"} and HTTP headers {"HTTP_REFERER"=>"/contacts/new"}
REQUESTING PAGE: GET /contacts/1/notes/new with {} and HTTP headers {}
REQUESTING PAGE: POST /contacts/1/notes with {"utf8"=>"✓", "note"=>{"title"=>"title", "content"=>"note contents"}, "commit"=>"Create Note"} and HTTP headers {"HTTP_REFERER"=>"/contacts/1/notes/new"}
REQUESTING PAGE: GET http://www.example.com/contacts/1 with {} and HTTP headers {"HTTP_REFERER"=>"/contacts/1/notes"}
REQUESTING PAGE: GET /contacts/new with {} and HTTP headers {}
REQUESTING PAGE: POST /contacts with {"utf8"=>"✓", "contact"=>{"first_name"=>"", "last_name"=>"", "email"=>""}, "commit"=>"Create Contact"} and HTTP headers {"HTTP_REFERER"=>"/contacts/new"}
REQUESTING PAGE: GET /contacts/1/notes/new with {} and HTTP headers {}
REQUESTING PAGE: POST /contacts/1/notes with {"utf8"=>"✓", "note"=>{"title"=>"title", "content"=>"note contents"}, "commit"=>"Create Note"} and HTTP headers {"HTTP_REFERER"=>"/contacts/1/notes/new"}
REQUESTING PAGE: GET http://www.example.com/contacts/1 with {} and HTTP headers {"HTTP_REFERER"=>"/contacts/1/notes"}
REQUESTING PAGE: GET /contacts/new with {} and HTTP headers {}
REQUESTING PAGE: POST /contacts with {"utf8"=>"✓", "contact"=>{"first_name"=>"", "last_name"=>"", "email"=>""}, "commit"=>"Create Contact"} and HTTP headers {"HTTP_REFERER"=>"/contacts/new"}
REQUESTING PAGE: GET /contacts/1/notes/new with {} and HTTP headers {}
REQUESTING PAGE: POST /contacts/1/notes with {"utf8"=>"✓", "note"=>{"title"=>"title", "content"=>"note contents"}, "commit"=>"Create Note"} and HTTP headers {"HTTP_REFERER"=>"/contacts/1/notes/new"}
REQUESTING PAGE: GET http://www.example.com/contacts/1 with {} and HTTP headers {"HTTP_REFERER"=>"/contacts/1/notes"}
REQUESTING PAGE: GET /contacts/new with {} and HTTP headers {}
REQUESTING PAGE: POST /contacts with {"utf8"=>"✓", "contact"=>{"first_name"=>"", "last_name"=>"", "email"=>""}, "commit"=>"Create Contact"} and HTTP headers {"HTTP_REFERER"=>"/contacts/new"}
